<?xml version="1.0" encoding="UTF-8"?>
<testsuite name="me.dangtong.springbootdeveloper.SpringbootdeveloperApplicationTests" tests="1" skipped="0" failures="0" errors="0" timestamp="2024-01-15T06:49:17" hostname="KDP24" time="0.468">
  <properties/>
  <testcase name="contextLoads()" classname="me.dangtong.springbootdeveloper.SpringbootdeveloperApplicationTests" time="0.468"/>
  <system-out><![CDATA[15:49:06.890 [Test worker] INFO org.springframework.test.context.support.AnnotationConfigContextLoaderUtils -- Could not detect default configuration classes for test class [me.dangtong.springbootdeveloper.SpringbootdeveloperApplicationTests]: SpringbootdeveloperApplicationTests does not declare any static, non-private, non-final, nested classes annotated with @Configuration.
15:49:07.003 [Test worker] INFO org.springframework.boot.test.context.SpringBootTestContextBootstrapper -- Found @SpringBootConfiguration me.dangtong.springbootdeveloper.SpringbootdeveloperApplication for test class me.dangtong.springbootdeveloper.SpringbootdeveloperApplicationTests

  .   ____          _            __ _ _
 /\\ / ___'_ __ _ _(_)_ __  __ _ \ \ \ \
( ( )\___ | '_ | '_| | '_ \/ _` | \ \ \ \
 \\/  ___)| |_)| | | | | || (_| |  ) ) ) )
  '  |____| .__|_| |_|_| |_\__, | / / / /
 =========|_|==============|___/=/_/_/_/
 :: Spring Boot ::                (v3.2.0)

2024-01-15T15:49:07.441+09:00  INFO 23752 --- [USER-SERVICE] [    Test worker] .d.s.SpringbootdeveloperApplicationTests : Starting SpringbootdeveloperApplicationTests using Java 21.0.1 with PID 23752 (started by kdt in C:\Users\kdt\IdeaProjects\cloudwave\cloudwave-tf\k8s\practice\cwave-cicd-start)
2024-01-15T15:49:07.441+09:00  INFO 23752 --- [USER-SERVICE] [    Test worker] .d.s.SpringbootdeveloperApplicationTests : No active profile set, falling back to 1 default profile: "default"
2024-01-15T15:49:08.692+09:00  INFO 23752 --- [USER-SERVICE] [    Test worker] .s.d.r.c.RepositoryConfigurationDelegate : Bootstrapping Spring Data JPA repositories in DEFAULT mode.
2024-01-15T15:49:08.787+09:00  INFO 23752 --- [USER-SERVICE] [    Test worker] .s.d.r.c.RepositoryConfigurationDelegate : Finished Spring Data repository scanning in 70 ms. Found 3 JPA repository interfaces.
2024-01-15T15:49:09.780+09:00  INFO 23752 --- [USER-SERVICE] [    Test worker] com.zaxxer.hikari.HikariDataSource       : HikariPool-1 - Starting...
2024-01-15T15:49:10.386+09:00  INFO 23752 --- [USER-SERVICE] [    Test worker] com.zaxxer.hikari.pool.HikariPool        : HikariPool-1 - Added connection com.mysql.cj.jdbc.ConnectionImpl@71b3ba5a
2024-01-15T15:49:10.388+09:00  INFO 23752 --- [USER-SERVICE] [    Test worker] com.zaxxer.hikari.HikariDataSource       : HikariPool-1 - Start completed.
2024-01-15T15:49:10.819+09:00  INFO 23752 --- [USER-SERVICE] [    Test worker] o.hibernate.jpa.internal.util.LogHelper  : HHH000204: Processing PersistenceUnitInfo [name: default]
2024-01-15T15:49:10.938+09:00  INFO 23752 --- [USER-SERVICE] [    Test worker] org.hibernate.Version                    : HHH000412: Hibernate ORM core version 6.3.1.Final
2024-01-15T15:49:10.984+09:00  INFO 23752 --- [USER-SERVICE] [    Test worker] o.h.c.internal.RegionFactoryInitiator    : HHH000026: Second-level cache disabled
2024-01-15T15:49:11.204+09:00  INFO 23752 --- [USER-SERVICE] [    Test worker] o.s.o.j.p.SpringPersistenceUnitInfo      : No LoadTimeWeaver setup: ignoring JPA class transformer
2024-01-15T15:49:11.274+09:00  WARN 23752 --- [USER-SERVICE] [    Test worker] org.hibernate.orm.deprecation            : HHH90000025: MySQLDialect does not need to be specified explicitly using 'hibernate.dialect' (remove the property setting and it will be selected by default)
2024-01-15T15:49:11.923+09:00  INFO 23752 --- [USER-SERVICE] [    Test worker] o.h.e.t.j.p.i.JtaPlatformInitiator       : HHH000489: No JTA platform available (set 'hibernate.transaction.jta.platform' to enable JTA platform integration)
Hibernate: drop table if exists article
Hibernate: drop table if exists refresh_token
Hibernate: drop table if exists users
Hibernate: create table article (created_at datetime(6), id bigint not null auto_increment, updated_at datetime(6), content varchar(255) not null, title varchar(255) not null, primary key (id)) engine=InnoDB
Hibernate: create table refresh_token (id bigint not null auto_increment, user_id bigint not null, refresh_token varchar(255) not null, primary key (id)) engine=InnoDB
Hibernate: create table users (id bigint not null auto_increment, email varchar(255) not null, password varchar(255), primary key (id)) engine=InnoDB
Hibernate: alter table refresh_token add constraint UK_f95ixxe7pa48ryn1awmh2evt7 unique (user_id)
Hibernate: alter table users add constraint UK_6dotkott2kjsp8vw4d0m25fb7 unique (email)
2024-01-15T15:49:12.315+09:00  INFO 23752 --- [USER-SERVICE] [    Test worker] j.LocalContainerEntityManagerFactoryBean : Initialized JPA EntityManagerFactory for persistence unit 'default'
2024-01-15T15:49:13.843+09:00  WARN 23752 --- [USER-SERVICE] [    Test worker] JpaBaseConfiguration$JpaWebConfiguration : spring.jpa.open-in-view is enabled by default. Therefore, database queries may be performed during view rendering. Explicitly configure spring.jpa.open-in-view to disable this warning
2024-01-15T15:49:15.403+09:00  INFO 23752 --- [USER-SERVICE] [    Test worker] o.s.b.a.e.web.EndpointLinksResolver      : Exposing 1 endpoint(s) beneath base path '/actuator'
2024-01-15T15:49:15.785+09:00  INFO 23752 --- [USER-SERVICE] [    Test worker] o.s.s.web.DefaultSecurityFilterChain     : Will secure any request with [org.springframework.security.web.session.DisableEncodeUrlFilter@1203c259, org.springframework.security.web.context.request.async.WebAsyncManagerIntegrationFilter@3bd552f7, org.springframework.security.web.context.SecurityContextHolderFilter@2565b097, org.springframework.security.web.header.HeaderWriterFilter@4ba56bbe, org.springframework.web.filter.CorsFilter@ba4c99c, org.springframework.security.web.authentication.logout.LogoutFilter@5fc44b4b, org.springframework.security.web.authentication.UsernamePasswordAuthenticationFilter@13c79e0d, org.springframework.security.web.savedrequest.RequestCacheAwareFilter@7115d5af, org.springframework.security.web.servletapi.SecurityContextHolderAwareRequestFilter@1fb4377d, org.springframework.security.web.authentication.AnonymousAuthenticationFilter@4158b72f, org.springframework.security.web.access.ExceptionTranslationFilter@266b7d1, org.springframework.security.web.access.intercept.AuthorizationFilter@19b7852b]
2024-01-15T15:49:17.186+09:00  INFO 23752 --- [USER-SERVICE] [    Test worker] .d.s.SpringbootdeveloperApplicationTests : Started SpringbootdeveloperApplicationTests in 10.017 seconds (process running for 11.212)
]]></system-out>
  <system-err><![CDATA[WARNING: A Java agent has been loaded dynamically (C:\Users\kdt\.gradle\caches\modules-2\files-2.1\net.bytebuddy\byte-buddy-agent\1.14.10\90ed94ac044ea8953b224304c762316e91fd6b31\byte-buddy-agent-1.14.10.jar)
WARNING: If a serviceability tool is in use, please run with -XX:+EnableDynamicAgentLoading to hide this warning
WARNING: If a serviceability tool is not in use, please run with -Djdk.instrument.traceUsage for more information
WARNING: Dynamic loading of agents will be disallowed by default in a future release
]]></system-err>
</testsuite>
